f:\cplusplus\150928lesson\flightshooting\flightshooting\debug\vc140.pdb
f:\cplusplus\150928lesson\flightshooting\flightshooting\debug\vc140.idb
f:\cplusplus\150928lesson\flightshooting\flightshooting\debug\fsobjects.obj
f:\cplusplus\150928lesson\flightshooting\flightshooting\debug\testcpp.obj
f:\cplusplus\150928lesson\flightshooting\debug\flightshooting.pdb
f:\cplusplus\150928lesson\flightshooting\flightshooting\debug\flightshooting.tlog\cl.command.1.tlog
f:\cplusplus\150928lesson\flightshooting\flightshooting\debug\flightshooting.tlog\cl.read.1.tlog
f:\cplusplus\150928lesson\flightshooting\flightshooting\debug\flightshooting.tlog\cl.write.1.tlog
f:\cplusplus\150928lesson\flightshooting\flightshooting\debug\flightshooting.tlog\link-cvtres.read.1.tlog
f:\cplusplus\150928lesson\flightshooting\flightshooting\debug\flightshooting.tlog\link-cvtres.write.1.tlog
f:\cplusplus\150928lesson\flightshooting\flightshooting\debug\flightshooting.tlog\link-rc.read.1.tlog
f:\cplusplus\150928lesson\flightshooting\flightshooting\debug\flightshooting.tlog\link-rc.write.1.tlog
f:\cplusplus\150928lesson\flightshooting\flightshooting\debug\flightshooting.tlog\link.1008-cvtres.read.1.tlog
f:\cplusplus\150928lesson\flightshooting\flightshooting\debug\flightshooting.tlog\link.1008-cvtres.write.1.tlog
f:\cplusplus\150928lesson\flightshooting\flightshooting\debug\flightshooting.tlog\link.1008-rc.read.1.tlog
f:\cplusplus\150928lesson\flightshooting\flightshooting\debug\flightshooting.tlog\link.1008-rc.write.1.tlog
f:\cplusplus\150928lesson\flightshooting\flightshooting\debug\flightshooting.tlog\link.1008.read.1.tlog
f:\cplusplus\150928lesson\flightshooting\flightshooting\debug\flightshooting.tlog\link.1008.write.1.tlog
f:\cplusplus\150928lesson\flightshooting\flightshooting\debug\flightshooting.tlog\link.command.1.tlog
f:\cplusplus\150928lesson\flightshooting\flightshooting\debug\flightshooting.tlog\link.read.1.tlog
f:\cplusplus\150928lesson\flightshooting\flightshooting\debug\flightshooting.tlog\link.write.1.tlog
